[springmvc_hibernate_demo][INFO] [2016-04-10 19:03:54] org.springframework.test.context.support.AbstractTestContextBootstrapper.getDefaultTestExecutionListenerClassNames(256) | Loaded default TestExecutionListener class names from location [META-INF/spring.factories]: [org.springframework.test.context.web.ServletTestExecutionListener, org.springframework.test.context.support.DependencyInjectionTestExecutionListener, org.springframework.test.context.support.DirtiesContextTestExecutionListener, org.springframework.test.context.transaction.TransactionalTestExecutionListener, org.springframework.test.context.jdbc.SqlScriptsTestExecutionListener]
[springmvc_hibernate_demo][INFO] [2016-04-10 19:03:55] org.springframework.test.context.support.AbstractTestContextBootstrapper.getTestExecutionListeners(182) | Using TestExecutionListeners: [org.springframework.test.context.web.ServletTestExecutionListener@48eff760, org.springframework.test.context.support.DependencyInjectionTestExecutionListener@402f32ff, org.springframework.test.context.support.DirtiesContextTestExecutionListener@573f2bb1, org.springframework.test.context.transaction.TransactionalTestExecutionListener@5ae9a829, org.springframework.test.context.jdbc.SqlScriptsTestExecutionListener@6d8a00e3]
[springmvc_hibernate_demo][INFO] [2016-04-10 19:03:55] org.springframework.beans.factory.xml.XmlBeanDefinitionReader.loadBeanDefinitions(317) | Loading XML bean definitions from class path resource [spring.xml]
[springmvc_hibernate_demo][INFO] [2016-04-10 19:03:55] org.springframework.beans.factory.xml.XmlBeanDefinitionReader.loadBeanDefinitions(317) | Loading XML bean definitions from class path resource [spring-hibernate.xml]
[springmvc_hibernate_demo][INFO] [2016-04-10 19:03:55] org.springframework.context.support.AbstractApplicationContext.prepareRefresh(510) | Refreshing org.springframework.context.support.GenericApplicationContext@5622fdf: startup date [Sun Apr 10 19:03:55 CST 2016]; root of context hierarchy
[springmvc_hibernate_demo][INFO] [2016-04-10 19:03:55] org.springframework.core.io.support.PropertiesLoaderSupport.loadProperties(172) | Loading properties file from class path resource [config.properties]
[springmvc_hibernate_demo][INFO] [2016-04-10 19:03:55] com.mchange.v2.log.MLog$1.run(124) | MLog clients using log4j logging.
[springmvc_hibernate_demo][INFO] [2016-04-10 19:03:56] com.mchange.v2.c3p0.C3P0Registry.banner(248) | Initializing c3p0-0.9.5-pre10 [built 06-November-2014 02:02:55 -0800; debug? true; trace: 10]
[springmvc_hibernate_demo][INFO] [2016-04-10 19:03:56] org.hibernate.annotations.common.reflection.java.JavaReflectionManager.<clinit>(66) | HCANN000001: Hibernate Commons Annotations {4.0.5.Final}
[springmvc_hibernate_demo][INFO] [2016-04-10 19:03:56] org.hibernate.Version.logVersion(54) | HHH000412: Hibernate Core {4.3.8.Final}
[springmvc_hibernate_demo][INFO] [2016-04-10 19:03:56] org.hibernate.cfg.Environment.<clinit>(239) | HHH000206: hibernate.properties not found
[springmvc_hibernate_demo][INFO] [2016-04-10 19:03:56] org.hibernate.cfg.Environment.buildBytecodeProvider(346) | HHH000021: Bytecode provider name : javassist
[springmvc_hibernate_demo][INFO] [2016-04-10 19:03:57] com.mchange.v2.c3p0.impl.AbstractPoolBackedDataSource.getPoolManager(522) | Initializing c3p0 pool... com.mchange.v2.c3p0.ComboPooledDataSource [ acquireIncrement -> 5, acquireRetryAttempts -> 30, acquireRetryDelay -> 1000, autoCommitOnClose -> false, automaticTestTable -> null, breakAfterAcquireFailure -> false, checkoutTimeout -> 30000, connectionCustomizerClassName -> null, connectionTesterClassName -> com.mchange.v2.c3p0.impl.DefaultConnectionTester, contextClassLoaderSource -> caller, dataSourceName -> 1hgf7k19f1yzjdc917kd2ko|22fcf7ab, debugUnreturnedConnectionStackTraces -> false, description -> null, driverClass -> com.mysql.jdbc.Driver, extensions -> {}, factoryClassLocation -> null, forceIgnoreUnresolvedTransactions -> false, forceUseNamedDriverClass -> false, identityToken -> 1hgf7k19f1yzjdc917kd2ko|22fcf7ab, idleConnectionTestPeriod -> 30, initialPoolSize -> 5, jdbcUrl -> jdbc:mysql://localhost:3306/salesstore?useUnicode=true&characterEncoding=utf-8, maxAdministrativeTaskTime -> 0, maxConnectionAge -> 0, maxIdleTime -> 30, maxIdleTimeExcessConnections -> 0, maxPoolSize -> 20, maxStatements -> 0, maxStatementsPerConnection -> 0, minPoolSize -> 5, numHelperThreads -> 3, preferredTestQuery -> null, privilegeSpawnedThreads -> false, properties -> {user=******, password=******}, propertyCycle -> 0, statementCacheNumDeferredCloseThreads -> 0, testConnectionOnCheckin -> false, testConnectionOnCheckout -> false, unreturnedConnectionTimeout -> 0, userOverrides -> {}, usesTraditionalReflectiveProxies -> false ]
[springmvc_hibernate_demo][INFO] [2016-04-10 19:03:57] org.hibernate.dialect.Dialect.<init>(145) | HHH000400: Using dialect: org.hibernate.dialect.MySQLDialect
[springmvc_hibernate_demo][INFO] [2016-04-10 19:03:57] org.hibernate.engine.transaction.internal.TransactionFactoryInitiator.initiateService(62) | HHH000399: Using default transaction strategy (direct JDBC transactions)
[springmvc_hibernate_demo][INFO] [2016-04-10 19:03:57] org.hibernate.hql.internal.ast.ASTQueryTranslatorFactory.<init>(47) | HHH000397: Using ASTQueryTranslatorFactory
[springmvc_hibernate_demo][INFO] [2016-04-10 19:03:57] org.hibernate.cache.spi.UpdateTimestampsCache.<init>(72) | HHH000250: Starting update timestamps cache at region: org.hibernate.cache.spi.UpdateTimestampsCache
[springmvc_hibernate_demo][WARN] [2016-04-10 19:03:57] org.hibernate.cache.ehcache.AbstractEhcacheRegionFactory.getCache(179) | HHH020003: Could not find a specific ehcache configuration for cache named [org.hibernate.cache.spi.UpdateTimestampsCache]; using defaults.
[springmvc_hibernate_demo][INFO] [2016-04-10 19:03:57] org.hibernate.cache.internal.StandardQueryCache.<init>(90) | HHH000248: Starting query cache at region: org.hibernate.cache.internal.StandardQueryCache
[springmvc_hibernate_demo][WARN] [2016-04-10 19:03:57] org.hibernate.cache.ehcache.AbstractEhcacheRegionFactory.getCache(179) | HHH020003: Could not find a specific ehcache configuration for cache named [org.hibernate.cache.internal.StandardQueryCache]; using defaults.
[springmvc_hibernate_demo][INFO] [2016-04-10 19:03:58] org.hibernate.tool.hbm2ddl.SchemaUpdate.execute(207) | HHH000228: Running hbm2ddl schema update
[springmvc_hibernate_demo][INFO] [2016-04-10 19:03:58] org.hibernate.tool.hbm2ddl.SchemaUpdate.execute(218) | HHH000102: Fetching database metadata
[springmvc_hibernate_demo][INFO] [2016-04-10 19:03:58] org.hibernate.tool.hbm2ddl.SchemaUpdate.execute(230) | HHH000396: Updating schema
[springmvc_hibernate_demo][INFO] [2016-04-10 19:03:58] org.hibernate.tool.hbm2ddl.TableMetadata.<init>(66) | HHH000261: Table found: salesstore.user
[springmvc_hibernate_demo][INFO] [2016-04-10 19:03:58] org.hibernate.tool.hbm2ddl.TableMetadata.<init>(67) | HHH000037: Columns: [password, id, register_time, username]
[springmvc_hibernate_demo][INFO] [2016-04-10 19:03:58] org.hibernate.tool.hbm2ddl.TableMetadata.<init>(69) | HHH000108: Foreign keys: []
[springmvc_hibernate_demo][INFO] [2016-04-10 19:03:58] org.hibernate.tool.hbm2ddl.TableMetadata.<init>(70) | HHH000126: Indexes: [primary]
[springmvc_hibernate_demo][INFO] [2016-04-10 19:03:58] org.hibernate.tool.hbm2ddl.SchemaUpdate.execute(267) | HHH000232: Schema update complete
[springmvc_hibernate_demo][INFO] [2016-04-10 19:03:58] org.springframework.orm.hibernate4.HibernateTransactionManager.afterPropertiesSet(360) | Using DataSource [com.mchange.v2.c3p0.ComboPooledDataSource[ identityToken -> 1hgf7k19f1yzjdc917kd2ko|22fcf7ab, dataSourceName -> 1hgf7k19f1yzjdc917kd2ko|22fcf7ab ]] of Hibernate SessionFactory for HibernateTransactionManager
[springmvc_hibernate_demo][INFO] [2016-04-10 19:03:59] com.crossoverJie.service.TestUserService.save(33) | 0
[springmvc_hibernate_demo][INFO] [2016-04-10 19:03:59] org.springframework.context.support.AbstractApplicationContext.doClose(862) | Closing org.springframework.context.support.GenericApplicationContext@5622fdf: startup date [Sun Apr 10 19:03:55 CST 2016]; root of context hierarchy
